<?xml version="1.0" encoding="UTF-8"?>
<!-- Generated by org.testng.reporters.JUnitReportReporter -->
<testsuite skipped="0" hostname="am-pc" name="com.pack.DevGit.NewTest" tests="1" failures="0" timestamp="16 Sep 2017 12:45:16 GMT" time="0.010" errors="0">
  <testcase name="f" time="0.010" classname="com.pack.DevGit.NewTest"/>
</testsuite> <!-- com.pack.DevGit.NewTest -->
